Sleeping 0.1 second(s)...
Done Sleeping...0.1
Sleeping 0.1 second(s)...
Done Sleeping...0.1
Sleeping 0.3 second(s)...
Done Sleeping...0.3
Sleeping 0.9 second(s)...
Done Sleeping...0.9
Sleeping 1 second(s)...
Done Sleeping...1
Sleeping 0.8 second(s)...
Done Sleeping...0.8
Sleeping 1.2 second(s)...
Done Sleeping...1.2
Sleeping 1.3 second(s)...
Done Sleeping...1.3
Sleeping 2 second(s)...
Done Sleeping...2
Sleeping 0.1 second(s)...
Done Sleeping...0.1
Sleeping 0.1 second(s)...
Done Sleeping...0.1
Sleeping 0.3 second(s)...
Done Sleeping...0.3
Sleeping 0.8 second(s)...
Done Sleeping...0.8
Sleeping 0.9 second(s)...
Done Sleeping...0.9
Sleeping 1 second(s)...
Done Sleeping...1
Sleeping 1.2 second(s)...
Done Sleeping...1.2
Sleeping 1.3 second(s)...
Done Sleeping...1.3
Sleeping 2 second(s)...
Done Sleeping...2
['Done Sleeping...0.8', 'Done Sleeping...1', 'Done Sleeping...0.9', 'Done Sleeping...1.2', 'Done Sleeping...0.1', 'Done Sleeping...1.3', 'Done Sleeping...0.1', 'Done Sleeping...2', 'Done Sleeping...0.3']
Sleeping 0.1 second(s)...
Done Sleeping...0.1
Sleeping 0.1 second(s)...
Done Sleeping...0.1
Sleeping 0.3 second(s)...
Done Sleeping...0.3
Sleeping 0.8 second(s)...
Done Sleeping...0.8
Sleeping 0.9 second(s)...
Done Sleeping...0.9
Sleeping 1 second(s)...
Done Sleeping...1
Sleeping 1.2 second(s)...
Done Sleeping...1.2
Sleeping 1.3 second(s)...
Done Sleeping...1.3
Sleeping 2 second(s)...
Done Sleeping...2

['Done Sleeping...0.8', 'Done Sleeping...1', 'Done Sleeping...0.9', 'Done Sleeping...1.2', 'Done Sleeping...0.1', 'Done Sleeping...1.3', 'Done Sleeping...0.1', 'Done Sleeping...2', 'Done Sleeping...0.3']
Finished in 6.76 second(s)
